[debug] [2023-07-15T16:35:54.532Z] ----------------------------------------------------------------------
[debug] [2023-07-15T16:35:54.539Z] Command:       C:\Program Files\nodejs\node.exe C:\Users\V1w4rz\AppData\Roaming\npm\node_modules\firebase-tools\lib\bin\firebase.js init
[debug] [2023-07-15T16:35:54.540Z] CLI Version:   11.30.0
[debug] [2023-07-15T16:35:54.541Z] Platform:      win32
[debug] [2023-07-15T16:35:54.541Z] Node Version:  v18.13.0
[debug] [2023-07-15T16:35:54.544Z] Time:          Sat Jul 15 2023 23:35:54 GMT+0700 (Indochina Time)
[debug] [2023-07-15T16:35:54.545Z] ----------------------------------------------------------------------
[debug] 
[debug] [2023-07-15T16:35:54.579Z] >>> [apiv2][query] GET https://firebase-public.firebaseio.com/cli.json [none]
[debug] [2023-07-15T16:35:54.707Z] > command requires scopes: ["email","openid","https://www.googleapis.com/auth/cloudplatformprojects.readonly","https://www.googleapis.com/auth/firebase","https://www.googleapis.com/auth/cloud-platform"]
[debug] [2023-07-15T16:35:54.708Z] > authorizing via signed-in user (ferdifir.dev@gmail.com)
[info] 
     ######## #### ########  ######## ########     ###     ######  ########
     ##        ##  ##     ## ##       ##     ##  ##   ##  ##       ##
     ######    ##  ########  ######   ########  #########  ######  ######
     ##        ##  ##    ##  ##       ##     ## ##     ##       ## ##
     ##       #### ##     ## ######## ########  ##     ##  ######  ########

You're about to initialize a Firebase project in this directory:

  C:\Fred\Portofolio\undangan

Before we get started, keep in mind:

  * You are currently outside your home directory

[debug] [2023-07-15T16:35:55.662Z] <<< [apiv2][status] GET https://firebase-public.firebaseio.com/cli.json 200
[debug] [2023-07-15T16:35:55.663Z] <<< [apiv2][body] GET https://firebase-public.firebaseio.com/cli.json {"cloudBuildErrorAfter":1594252800000,"cloudBuildWarnAfter":1590019200000,"defaultNode10After":1594252800000,"minVersion":"3.0.5","node8DeploysDisabledAfter":1613390400000,"node8RuntimeDisabledAfter":1615809600000,"node8WarnAfter":1600128000000}
[info] 
=== Account Setup
[info] 
[info] Which account do you want to use for this project? Choose an account or add a new one now
[info] 
[debug] [2023-07-15T16:38:19.151Z] setProjectAccount(C:\Fred\Portofolio\undangan, ferdifir.dev@gmail.com)
[info] 
[info] +  Using account: ferdifir.dev@gmail.com 
[info] 
=== Project Setup
[info] 
[info] First, let's associate this project directory with a Firebase project.
[info] You can create multiple project aliases by running firebase use --add, 
[info] but for now we'll just set up a default project.
[info] 
[debug] [2023-07-15T16:38:25.596Z] > refreshing access token with scopes: []
[debug] [2023-07-15T16:38:25.599Z] >>> [apiv2][query] POST https://www.googleapis.com/oauth2/v3/token [none]
[debug] [2023-07-15T16:38:25.599Z] >>> [apiv2][body] POST https://www.googleapis.com/oauth2/v3/token [omitted]
[debug] [2023-07-15T16:38:25.900Z] <<< [apiv2][status] POST https://www.googleapis.com/oauth2/v3/token 200
[debug] [2023-07-15T16:38:25.901Z] <<< [apiv2][body] POST https://www.googleapis.com/oauth2/v3/token [omitted]
[debug] [2023-07-15T16:38:26.057Z] >>> [apiv2][query] GET https://firebase.googleapis.com/v1beta1/projects pageSize=100
[debug] [2023-07-15T16:38:26.899Z] <<< [apiv2][status] GET https://firebase.googleapis.com/v1beta1/projects 200
[debug] [2023-07-15T16:38:26.899Z] <<< [apiv2][body] GET https://firebase.googleapis.com/v1beta1/projects [omitted]
[info] i  Using project wedding-invitation-1d9c5 (Wedding Invitation) 
[info] 
=== Hosting Setup
[info] 
[info] Your public directory is the folder (relative to your project directory) that
[info] will contain Hosting assets to be uploaded with firebase deploy. If you
[info] have a build process for your assets, use your build's output directory.
[info] 
[debug] [2023-07-15T16:39:00.524Z] >>> [apiv2][query] GET https://www.gstatic.com/firebasejs/releases.json [none]
[debug] [2023-07-15T16:39:00.763Z] <<< [apiv2][status] GET https://www.gstatic.com/firebasejs/releases.json 200
[debug] [2023-07-15T16:39:00.764Z] <<< [apiv2][body] GET https://www.gstatic.com/firebasejs/releases.json {"current":{"version":"10.0.0","browserURL":"https://www.gstatic.com/firebasejs/10.0.0/firebase.js","packageURL":"https://www.gstatic.com/firebasejs/10.0.0/firebase.tgz"},"live":{"version":"10.0","browserURL":"https://www.gstatic.com/firebasejs/live/10.0/firebase.js","packageURL":"https://www.gstatic.com/firebasejs/live/10.0/firebase.tgz"},"components":{"analytics":"https://www.gstatic.com/firebasejs/10.0.0/firebase-analytics.js","app":"https://www.gstatic.com/firebasejs/10.0.0/firebase-app.js","app-check":"https://www.gstatic.com/firebasejs/10.0.0/firebase-app-check.js","auth":"https://www.gstatic.com/firebasejs/10.0.0/firebase-auth.js","auth/cordova":"https://www.gstatic.com/firebasejs/10.0.0/firebase-auth/cordova.js","functions":"https://www.gstatic.com/firebasejs/10.0.0/firebase-functions.js","firestore":"https://www.gstatic.com/firebasejs/10.0.0/firebase-firestore.js","firestore/lite":"https://www.gstatic.com/firebasejs/10.0.0/firebase-firestore/lite.js","installations":"https://www.gstatic.com/firebasejs/10.0.0/firebase-installations.js","storage":"https://www.gstatic.com/firebasejs/10.0.0/firebase-storage.js","performance":"https://www.gstatic.com/firebasejs/10.0.0/firebase-performance.js","remote-config":"https://www.gstatic.com/firebasejs/10.0.0/firebase-remote-config.js","messaging":"https://www.gstatic.com/firebasejs/10.0.0/firebase-messaging.js","messaging/sw":"https://www.gstatic.com/firebasejs/10.0.0/firebase-messaging/sw.js","database":"https://www.gstatic.com/firebasejs/10.0.0/firebase-database.js","firestore.memory":"https://www.gstatic.com/firebasejs/10.0.0/firebase-firestore.memory.js"}}
[info] +  Wrote n/index.html 
[info] 
[info] i  Detected a .git folder at C:\Fred\Portofolio\undangan 
[info] i  Authorizing with GitHub to upload your service account to a GitHub repository's secrets store. 
[info] 
[info] Visit this URL on this device to log in:
[info] https://github.com/login/oauth/authorize?client_id=89cf50f02ac6aaed3484&state=911081312&redirect_uri=http%3A%2F%2Flocalhost%3A9005&scope=read%3Auser%20repo%20public_repo
[info] 
[info] Waiting for authentication...
[debug] [2023-07-15T16:39:40.569Z] >>> [apiv2][query] POST https://github.com/login/oauth/access_token [none]
[debug] [2023-07-15T16:39:40.570Z] >>> [apiv2][body] POST https://github.com/login/oauth/access_token [stream]
[debug] [2023-07-15T16:39:41.227Z] <<< [apiv2][status] POST https://github.com/login/oauth/access_token 200
[debug] [2023-07-15T16:39:41.227Z] <<< [apiv2][body] POST https://github.com/login/oauth/access_token {"access_token":"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","token_type":"bearer","scope":"read:user,repo"}
[debug] [2023-07-15T16:39:41.318Z] >>> [apiv2][query] GET https://api.github.com/user [none]
[debug] [2023-07-15T16:39:41.932Z] <<< [apiv2][status] GET https://api.github.com/user 200
[debug] [2023-07-15T16:39:41.933Z] <<< [apiv2][body] GET https://api.github.com/user {"login":"ferdifir","id":86364387,"node_id":"MDQ6VXNlcjg2MzY0Mzg3","avatar_url":"https://avatars.githubusercontent.com/u/86364387?v=4","gravatar_id":"","url":"https://api.github.com/users/ferdifir","html_url":"https://github.com/ferdifir","followers_url":"https://api.github.com/users/ferdifir/followers","following_url":"https://api.github.com/users/ferdifir/following{/other_user}","gists_url":"https://api.github.com/users/ferdifir/gists{/gist_id}","starred_url":"https://api.github.com/users/ferdifir/starred{/owner}{/repo}","subscriptions_url":"https://api.github.com/users/ferdifir/subscriptions","organizations_url":"https://api.github.com/users/ferdifir/orgs","repos_url":"https://api.github.com/users/ferdifir/repos","events_url":"https://api.github.com/users/ferdifir/events{/privacy}","received_events_url":"https://api.github.com/users/ferdifir/received_events","type":"User","site_admin":false,"name":"Ferdi Firmansyah","company":null,"blog":"","location":"Jember","email":null,"hireable":null,"bio":"Mobile App Developer","twitter_username":null,"public_repos":20,"public_gists":0,"followers":0,"following":1,"created_at":"2021-06-23T14:13:22Z","updated_at":"2023-06-30T19:13:33Z","private_gists":0,"total_private_repos":2,"owned_private_repos":2,"disk_usage":40525,"collaborators":0,"two_factor_authentication":false,"plan":{"name":"free","space":976562499,"collaborators":0,"private_repos":10000}}
[info] 
[info] +  Success! Logged into GitHub as ferdifir 
[info] 
